<?xml version="1.0" encoding="UTF-8"?>
<robot generator="Robot 7.4.1 (Python 3.14.2 on win32)" generated="2026-07-27T13:04:41.199424" rpa="false" schemaversion="5">
<suite id="s1" name="Test Common Ui" source="C:\Users\Lenovo\Desktop\robotFrameworkTests\ui\test_common_ui.robot">
<kw name="Configure Browser Options" owner="CommonUI" type="SETUP">
<kw name="Open Browser Session" owner="CommonUI">
<kw name="New Browser" owner="Browser">
<msg time="2026-07-27T13:04:42.954200" level="INFO">{"browser": "chromium", "headless": false, "chromiumSandbox": false, "devtools": false, "handleSIGHUP": true, "handleSIGINT": true, "handleSIGTERM": true, "slowMo": 0.0, "timeout": 30000.0, "tracesDir": "C:\\Users\\Lenovo\\Desktop\\robotFrameworkTests\\browser\\traces\\temp\\411f7f12-ec46-40d7-9158-46a9f89ee7d1"}</msg>
<msg time="2026-07-27T13:04:43.151605" level="INFO">Starting Browser process C:\Users\Lenovo\AppData\Local\Programs\Python\Python314\Lib\site-packages\Browser\wrapper\index.js using at 127.0.0.1:61421</msg>
<msg time="2026-07-27T13:05:06.203464" level="INFO">Successfully created browser with options: {"browser":"chromium","headless":false,"chromiumSandbox":false,"devtools":false,"handleSIGHUP":true,"handleSIGINT":true,"handleSIGTERM":true,"slowMo":0,"timeout":30000,"tracesDir":"C:\\Users\\Lenovo\\Desktop\\robotFrameworkTests\\browser\\traces\\temp\\411f7f12-ec46-40d7-9158-46a9f89ee7d1"}</msg>
<arg>${browser}</arg>
<arg>headless=${headless}</arg>
<tag>BrowserControl</tag>
<tag>Setter</tag>
<doc>Create a new playwright Browser with specified options.</doc>
<status status="PASS" start="2026-07-27T13:04:42.953006" elapsed="23.250843"/>
</kw>
<kw name="Set Browser Timeout" owner="CommonUI">
<kw name="Set Browser Timeout" owner="Browser">
<arg>${timeout}</arg>
<tag>Config</tag>
<tag>Setter</tag>
<doc>Sets the timeout used by most input and getter keywords.</doc>
<status status="PASS" start="2026-07-27T13:05:06.205420" elapsed="0.009232"/>
</kw>
<kw name="Log" owner="BuiltIn">
<msg time="2026-07-27T13:05:06.216451" level="INFO">Browser timeout set to: 30s</msg>
<arg>Browser timeout set to: ${timeout}</arg>
<arg>level=INFO</arg>
<doc>Logs the given message with the given level.</doc>
<status status="PASS" start="2026-07-27T13:05:06.215163" elapsed="0.001443"/>
</kw>
<arg>${timeout}</arg>
<doc>Sets the global browser timeout.</doc>
<status status="PASS" start="2026-07-27T13:05:06.204427" elapsed="0.012408"/>
</kw>
<kw name="Log" owner="BuiltIn">
<msg time="2026-07-27T13:05:06.220742" level="INFO">Browser session opened: chromium | headless=False</msg>
<arg>Browser session opened: ${browser} | headless=${headless}</arg>
<arg>level=INFO</arg>
<doc>Logs the given message with the given level.</doc>
<status status="PASS" start="2026-07-27T13:05:06.217129" elapsed="0.003802"/>
</kw>
<return>
<value>${browser}</value>
<status status="PASS" start="2026-07-27T13:05:06.221256" elapsed="0.000860"/>
</return>
<arg>${browser}</arg>
<arg>${headless}</arg>
<arg>${timeout}</arg>
<doc>Opens a new browser session with specified options.</doc>
<status status="PASS" start="2026-07-27T13:04:42.951590" elapsed="23.271334"/>
</kw>
<kw name="Create Browser Context" owner="CommonUI">
<kw name="New Context" owner="Browser">
<msg time="2026-07-27T13:05:06.233321" level="INFO">{
  "acceptDownloads": true,
  "bypassCSP": false,
  "forcedColors": "none",
  "ignoreHTTPSErrors": false,
  "javaScriptEnabled": true,
  "locale": "en-US",
  "offline": false,
  "reducedMotion": "no-preference",
  "serviceWorkers": "allow",
  "timezoneId": "UTC",
  "viewport": {
    "width": 1920,
    "height": 1080
  }
}</msg>
<msg time="2026-07-27T13:05:06.325935" level="INFO">Successfully created context. </msg>
<msg time="2026-07-27T13:05:06.326142" level="INFO">{'acceptDownloads': True, 'bypassCSP': False, 'forcedColors': 'none', 'ignoreHTTPSErrors': False, 'javaScriptEnabled': True, 'locale': 'en-US', 'offline': False, 'reducedMotion': 'no-preference', 'serviceWorkers': 'allow', 'timezoneId': 'UTC', 'viewport': {'width': 1920, 'height': 1080}}</msg>
<arg>viewport={'width': ${viewport_width}, 'height': ${viewport_height}}</arg>
<arg>locale=${locale}</arg>
<arg>timezoneId=${timezone}</arg>
<tag>BrowserControl</tag>
<tag>Setter</tag>
<doc>Create a new BrowserContext with specified options.</doc>
<status status="PASS" start="2026-07-27T13:05:06.225274" elapsed="0.101098"/>
</kw>
<kw name="Log" owner="BuiltIn">
<msg time="2026-07-27T13:05:06.329221" level="INFO">Browser context created: 1920x1080</msg>
<arg>Browser context created: ${viewport_width}x${viewport_height}</arg>
<arg>level=INFO</arg>
<doc>Logs the given message with the given level.</doc>
<status status="PASS" start="2026-07-27T13:05:06.327234" elapsed="0.002149"/>
</kw>
<arg>${viewport_width}</arg>
<arg>${viewport_height}</arg>
<doc>Creates a new browser context with optional settings.</doc>
<status status="PASS" start="2026-07-27T13:05:06.223782" elapsed="0.105821"/>
</kw>
<kw name="Open New Page" owner="CommonUI">
<kw name="New Page" owner="Browser">
<msg time="2026-07-27T13:05:07.171686" level="INFO">Successfully initialized new page object and opened url: about:blank</msg>
<arg>${url}</arg>
<tag>BrowserControl</tag>
<tag>Setter</tag>
<doc>Open a new Page.</doc>
<status status="PASS" start="2026-07-27T13:05:06.332475" elapsed="0.839754"/>
</kw>
<kw name="Run Keyword If" owner="BuiltIn">
<kw name="Wait For Load State" owner="Browser">
<msg time="2026-07-27T13:05:07.176540" level="INFO">Waiting page load to state to receive networkidle in 30000.0</msg>
<msg time="2026-07-27T13:05:07.672733" level="INFO">Load state networkidle got in 30000</msg>
<arg>networkidle</arg>
<tag>PageContent</tag>
<tag>Wait</tag>
<doc>Waits that the page reaches the required load state.</doc>
<status status="PASS" start="2026-07-27T13:05:07.175136" elapsed="0.497784"/>
</kw>
<arg>'${url}' != '${EMPTY}'</arg>
<arg>Wait For Load State</arg>
<arg>networkidle</arg>
<doc>Runs the given keyword with the given arguments, if ``condition`` is true.</doc>
<status status="PASS" start="2026-07-27T13:05:07.172761" elapsed="0.500291"/>
</kw>
<kw name="Log" owner="BuiltIn">
<msg time="2026-07-27T13:05:07.674018" level="INFO">New page opened: about:blank</msg>
<arg>New page opened: ${url}</arg>
<arg>level=INFO</arg>
<doc>Logs the given message with the given level.</doc>
<status status="PASS" start="2026-07-27T13:05:07.673265" elapsed="0.000841"/>
</kw>
<arg>about:blank</arg>
<doc>Opens a new page in the current browser context.</doc>
<status status="PASS" start="2026-07-27T13:05:06.330521" elapsed="1.343713"/>
</kw>
<kw name="Log" owner="BuiltIn">
<msg time="2026-07-27T13:05:07.674892" level="INFO">Browser fully configured</msg>
<arg>Browser fully configured</arg>
<arg>level=INFO</arg>
<doc>Logs the given message with the given level.</doc>
<status status="PASS" start="2026-07-27T13:05:07.674409" elapsed="0.000560"/>
</kw>
<doc>Configures browser with common options for test automation.</doc>
<status status="PASS" start="2026-07-27T13:04:42.949967" elapsed="24.725113"/>
</kw>
<test id="s1-t1" name="TC-UI-001 Open Browser Session" line="16">
<kw name="Open New Page" owner="CommonUI" type="SETUP">
<kw name="New Page" owner="Browser">
<msg time="2026-07-27T13:05:16.009258" level="INFO">Successfully initialized new page object and opened url: https://bms.startnow-fr.com</msg>
<arg>${url}</arg>
<tag>BrowserControl</tag>
<tag>Setter</tag>
<doc>Open a new Page.</doc>
<status status="PASS" start="2026-07-27T13:05:07.700444" elapsed="8.309140"/>
</kw>
<kw name="Run Keyword If" owner="BuiltIn">
<kw name="Wait For Load State" owner="Browser">
<msg time="2026-07-27T13:05:16.016830" level="INFO">Waiting page load to state to receive networkidle in 30000.0</msg>
<msg time="2026-07-27T13:05:16.224340" level="INFO">Load state networkidle got in 30000</msg>
<arg>networkidle</arg>
<tag>PageContent</tag>
<tag>Wait</tag>
<doc>Waits that the page reaches the required load state.</doc>
<status status="PASS" start="2026-07-27T13:05:16.015071" elapsed="0.209553"/>
</kw>
<arg>'${url}' != '${EMPTY}'</arg>
<arg>Wait For Load State</arg>
<arg>networkidle</arg>
<doc>Runs the given keyword with the given arguments, if ``condition`` is true.</doc>
<status status="PASS" start="2026-07-27T13:05:16.010752" elapsed="0.214121"/>
</kw>
<kw name="Log" owner="BuiltIn">
<msg time="2026-07-27T13:05:16.226409" level="INFO">New page opened: https://bms.startnow-fr.com</msg>
<arg>New page opened: ${url}</arg>
<arg>level=INFO</arg>
<doc>Logs the given message with the given level.</doc>
<status status="PASS" start="2026-07-27T13:05:16.225253" elapsed="0.001332"/>
</kw>
<arg>${URL}</arg>
<doc>Opens a new page in the current browser context.</doc>
<status status="PASS" start="2026-07-27T13:05:07.698925" elapsed="8.527895"/>
</kw>
<kw name="Open Browser Session" owner="CommonUI">
<kw name="New Browser" owner="Browser">
<msg time="2026-07-27T13:05:16.234022" level="INFO">Switching browser to browser=e0dfdf05-d35a-48de-8ab9-0021d865ad57</msg>
<msg time="2026-07-27T13:05:16.245730" level="INFO">Successfully changed active browser: browser=e0dfdf05-d35a-48de-8ab9-0021d865ad57</msg>
<msg time="2026-07-27T13:05:16.245976" level="INFO">Reusing existing browser with id: browser=e0dfdf05-d35a-48de-8ab9-0021d865ad57</msg>
<arg>${browser}</arg>
<arg>headless=${headless}</arg>
<tag>BrowserControl</tag>
<tag>Setter</tag>
<doc>Create a new playwright Browser with specified options.</doc>
<status status="PASS" start="2026-07-27T13:05:16.229432" elapsed="0.016853"/>
</kw>
<kw name="Set Browser Timeout" owner="CommonUI">
<kw name="Set Browser Timeout" owner="Browser">
<arg>${timeout}</arg>
<tag>Config</tag>
<tag>Setter</tag>
<doc>Sets the timeout used by most input and getter keywords.</doc>
<status status="PASS" start="2026-07-27T13:05:16.248168" elapsed="0.001924"/>
</kw>
<kw name="Log" owner="BuiltIn">
<msg time="2026-07-27T13:05:16.254176" level="INFO">Browser timeout set to: 30s</msg>
<arg>Browser timeout set to: ${timeout}</arg>
<arg>level=INFO</arg>
<doc>Logs the given message with the given level.</doc>
<status status="PASS" start="2026-07-27T13:05:16.252686" elapsed="0.001671"/>
</kw>
<arg>${timeout}</arg>
<doc>Sets the global browser timeout.</doc>
<status status="PASS" start="2026-07-27T13:05:16.246935" elapsed="0.007657"/>
</kw>
<kw name="Log" owner="BuiltIn">
<msg time="2026-07-27T13:05:16.258408" level="INFO">Browser session opened: chromium | headless=False</msg>
<arg>Browser session opened: ${browser} | headless=${headless}</arg>
<arg>level=INFO</arg>
<doc>Logs the given message with the given level.</doc>
<status status="PASS" start="2026-07-27T13:05:16.254900" elapsed="0.004098"/>
</kw>
<return>
<value>${browser}</value>
<status status="PASS" start="2026-07-27T13:05:16.260266" elapsed="0.000810"/>
</return>
<msg time="2026-07-27T13:05:16.261639" level="INFO">${browser} = chromium</msg>
<var>${browser}</var>
<arg>${BROWSER}</arg>
<arg>${HEADLESS}</arg>
<doc>Opens a new browser session with specified options.</doc>
<status status="PASS" start="2026-07-27T13:05:16.227727" elapsed="0.034009"/>
</kw>
<kw name="Should Not Be Empty" owner="BuiltIn">
<msg time="2026-07-27T13:05:16.265774" level="INFO">Length is 8.</msg>
<arg>${browser}</arg>
<doc>Verifies that the given item is not empty.</doc>
<status status="PASS" start="2026-07-27T13:05:16.263075" elapsed="0.003034"/>
</kw>
<msg time="2026-07-27T13:05:16.318261" level="INFO">Closing current active page.</msg>
<msg time="2026-07-27T13:05:16.342960" level="INFO">Successfully closed Page with runBeforeUnload false</msg>
<doc>Verifies that a browser session opens successfully.</doc>
<tag>browser</tag>
<tag>common-ui</tag>
<status status="PASS" start="2026-07-27T13:05:07.675195" elapsed="8.591663"/>
</test>
<test id="s1-t2" name="TC-UI-002 Open New Page" line="22">
<kw name="Open New Page" owner="CommonUI" type="SETUP">
<kw name="New Page" owner="Browser">
<msg time="2026-07-27T13:05:17.596159" level="INFO">Successfully initialized new page object and opened url: https://bms.startnow-fr.com</msg>
<arg>${url}</arg>
<tag>BrowserControl</tag>
<tag>Setter</tag>
<doc>Open a new Page.</doc>
<status status="PASS" start="2026-07-27T13:05:16.365891" elapsed="1.230967"/>
</kw>
<kw name="Run Keyword If" owner="BuiltIn">
<kw name="Wait For Load State" owner="Browser">
<msg time="2026-07-27T13:05:17.601118" level="INFO">Waiting page load to state to receive networkidle in 30000.0</msg>
<msg time="2026-07-27T13:05:17.745234" level="INFO">Load state networkidle got in 30000</msg>
<arg>networkidle</arg>
<tag>PageContent</tag>
<tag>Wait</tag>
<doc>Waits that the page reaches the required load state.</doc>
<status status="PASS" start="2026-07-27T13:05:17.599664" elapsed="0.145794"/>
</kw>
<arg>'${url}' != '${EMPTY}'</arg>
<arg>Wait For Load State</arg>
<arg>networkidle</arg>
<doc>Runs the given keyword with the given arguments, if ``condition`` is true.</doc>
<status status="PASS" start="2026-07-27T13:05:17.597401" elapsed="0.148205"/>
</kw>
<kw name="Log" owner="BuiltIn">
<msg time="2026-07-27T13:05:17.746840" level="INFO">New page opened: https://bms.startnow-fr.com</msg>
<arg>New page opened: ${url}</arg>
<arg>level=INFO</arg>
<doc>Logs the given message with the given level.</doc>
<status status="PASS" start="2026-07-27T13:05:17.745829" elapsed="0.001143"/>
</kw>
<arg>${URL}</arg>
<doc>Opens a new page in the current browser context.</doc>
<status status="PASS" start="2026-07-27T13:05:16.363506" elapsed="1.383656"/>
</kw>
<kw name="Open New Page" owner="CommonUI">
<kw name="New Page" owner="Browser">
<msg time="2026-07-27T13:05:18.566736" level="INFO">Successfully initialized new page object and opened url: https://bms.startnow-fr.com</msg>
<arg>${url}</arg>
<tag>BrowserControl</tag>
<tag>Setter</tag>
<doc>Open a new Page.</doc>
<status status="PASS" start="2026-07-27T13:05:17.750686" elapsed="0.816571"/>
</kw>
<kw name="Run Keyword If" owner="BuiltIn">
<kw name="Wait For Load State" owner="Browser">
<msg time="2026-07-27T13:05:18.573483" level="INFO">Waiting page load to state to receive networkidle in 30000.0</msg>
<msg time="2026-07-27T13:05:18.749642" level="INFO">Load state networkidle got in 30000</msg>
<arg>networkidle</arg>
<tag>PageContent</tag>
<tag>Wait</tag>
<doc>Waits that the page reaches the required load state.</doc>
<status status="PASS" start="2026-07-27T13:05:18.570896" elapsed="0.179259"/>
</kw>
<arg>'${url}' != '${EMPTY}'</arg>
<arg>Wait For Load State</arg>
<arg>networkidle</arg>
<doc>Runs the given keyword with the given arguments, if ``condition`` is true.</doc>
<status status="PASS" start="2026-07-27T13:05:18.567764" elapsed="0.182812"/>
</kw>
<kw name="Log" owner="BuiltIn">
<msg time="2026-07-27T13:05:18.756471" level="INFO">New page opened: https://bms.startnow-fr.com</msg>
<arg>New page opened: ${url}</arg>
<arg>level=INFO</arg>
<doc>Logs the given message with the given level.</doc>
<status status="PASS" start="2026-07-27T13:05:18.752113" elapsed="0.005236"/>
</kw>
<arg>${URL}</arg>
<doc>Opens a new page in the current browser context.</doc>
<status status="PASS" start="2026-07-27T13:05:17.748247" elapsed="1.009607"/>
</kw>
<kw name="Get Current Page URL" owner="CommonUI">
<kw name="Get Url" owner="Browser">
<msg time="2026-07-27T13:05:18.772852" level="INFO">${url} = https://bms.startnow-fr.com/dashboard</msg>
<var>${url}</var>
<tag>Assertion</tag>
<tag>Getter</tag>
<tag>PageContent</tag>
<doc>Returns the current URL.</doc>
<status status="PASS" start="2026-07-27T13:05:18.766297" elapsed="0.006663"/>
</kw>
<kw name="Log" owner="BuiltIn">
<msg time="2026-07-27T13:05:18.774495" level="INFO">Current URL: https://bms.startnow-fr.com/dashboard</msg>
<arg>Current URL: ${url}</arg>
<arg>level=INFO</arg>
<doc>Logs the given message with the given level.</doc>
<status status="PASS" start="2026-07-27T13:05:18.773307" elapsed="0.001580"/>
</kw>
<return>
<value>${url}</value>
<status status="PASS" start="2026-07-27T13:05:18.775494" elapsed="0.001335"/>
</return>
<msg time="2026-07-27T13:05:18.778173" level="INFO">${url} = https://bms.startnow-fr.com/dashboard</msg>
<var>${url}</var>
<doc>Returns the URL of the current page.</doc>
<status status="PASS" start="2026-07-27T13:05:18.765392" elapsed="0.013484"/>
</kw>
<kw name="Should Contain" owner="BuiltIn">
<arg>${url}</arg>
<arg>bms.startnow-fr.com</arg>
<doc>Fails if ``container`` does not contain ``item`` one or more times.</doc>
<status status="PASS" start="2026-07-27T13:05:18.817835" elapsed="0.001882"/>
</kw>
<msg time="2026-07-27T13:05:18.898540" level="INFO">Successfully changed active page: page=c68b600d-b586-4d61-9f11-8cb55891f1cd</msg>
<msg time="2026-07-27T13:05:18.931883" level="INFO">Successfully closed Page with runBeforeUnload false</msg>
<msg time="2026-07-27T13:05:18.958943" level="INFO">Returned active page id</msg>
<msg time="2026-07-27T13:05:18.968616" level="INFO">Closing current active page.</msg>
<msg time="2026-07-27T13:05:19.001066" level="INFO">Successfully closed Page with runBeforeUnload false</msg>
<doc>Verifies that a new page opens successfully.</doc>
<tag>common-ui</tag>
<tag>page</tag>
<status status="PASS" start="2026-07-27T13:05:16.346660" elapsed="2.476159"/>
</test>
<test id="s1-t3" name="TC-UI-003 Get Current Page Title" line="29">
<kw name="Open New Page" owner="CommonUI" type="SETUP">
<kw name="New Page" owner="Browser">
<msg time="2026-07-27T13:05:19.900138" level="INFO">Successfully initialized new page object and opened url: https://bms.startnow-fr.com</msg>
<arg>${url}</arg>
<tag>BrowserControl</tag>
<tag>Setter</tag>
<doc>Open a new Page.</doc>
<status status="PASS" start="2026-07-27T13:05:19.026856" elapsed="0.873820"/>
</kw>
<kw name="Run Keyword If" owner="BuiltIn">
<kw name="Wait For Load State" owner="Browser">
<msg time="2026-07-27T13:05:19.905410" level="INFO">Waiting page load to state to receive networkidle in 30000.0</msg>
<msg time="2026-07-27T13:05:20.039671" level="INFO">Load state networkidle got in 30000</msg>
<arg>networkidle</arg>
<tag>PageContent</tag>
<tag>Wait</tag>
<doc>Waits that the page reaches the required load state.</doc>
<status status="PASS" start="2026-07-27T13:05:19.904462" elapsed="0.136531"/>
</kw>
<arg>'${url}' != '${EMPTY}'</arg>
<arg>Wait For Load State</arg>
<arg>networkidle</arg>
<doc>Runs the given keyword with the given arguments, if ``condition`` is true.</doc>
<status status="PASS" start="2026-07-27T13:05:19.901476" elapsed="0.140639"/>
</kw>
<kw name="Log" owner="BuiltIn">
<msg time="2026-07-27T13:05:20.044945" level="INFO">New page opened: https://bms.startnow-fr.com</msg>
<arg>New page opened: ${url}</arg>
<arg>level=INFO</arg>
<doc>Logs the given message with the given level.</doc>
<status status="PASS" start="2026-07-27T13:05:20.043298" elapsed="0.001879"/>
</kw>
<arg>${URL}</arg>
<doc>Opens a new page in the current browser context.</doc>
<status status="PASS" start="2026-07-27T13:05:19.025411" elapsed="1.020113"/>
</kw>
<kw name="Get Current Page Title" owner="CommonUI">
<kw name="Get Title" owner="Browser">
<msg time="2026-07-27T13:05:20.116368" level="INFO">Title: 'Start-Now BMS'</msg>
<msg time="2026-07-27T13:05:20.116716" level="INFO">${title} = Start-Now BMS</msg>
<var>${title}</var>
<tag>Assertion</tag>
<tag>Getter</tag>
<tag>PageContent</tag>
<doc>Returns the title of the current page.</doc>
<status status="PASS" start="2026-07-27T13:05:20.047753" elapsed="0.069059"/>
</kw>
<kw name="Log" owner="BuiltIn">
<msg time="2026-07-27T13:05:20.118382" level="INFO">Current page title: Start-Now BMS</msg>
<arg>Current page title: ${title}</arg>
<arg>level=INFO</arg>
<doc>Logs the given message with the given level.</doc>
<status status="PASS" start="2026-07-27T13:05:20.117228" elapsed="0.001350"/>
</kw>
<return>
<value>${title}</value>
<status status="PASS" start="2026-07-27T13:05:20.119013" elapsed="0.000418"/>
</return>
<msg time="2026-07-27T13:05:20.119985" level="INFO">${title} = Start-Now BMS</msg>
<var>${title}</var>
<doc>Returns the title of the current page.</doc>
<status status="PASS" start="2026-07-27T13:05:20.046481" elapsed="0.073611"/>
</kw>
<kw name="Should Not Be Empty" owner="BuiltIn">
<msg time="2026-07-27T13:05:20.121671" level="INFO">Length is 13.</msg>
<arg>${title}</arg>
<doc>Verifies that the given item is not empty.</doc>
<status status="PASS" start="2026-07-27T13:05:20.120908" elapsed="0.000852"/>
</kw>
<kw name="Log" owner="BuiltIn">
<msg time="2026-07-27T13:05:20.122930" level="INFO">Page title: Start-Now BMS</msg>
<arg>Page title: ${title}</arg>
<doc>Logs the given message with the given level.</doc>
<status status="PASS" start="2026-07-27T13:05:20.122198" elapsed="0.000831"/>
</kw>
<msg time="2026-07-27T13:05:20.144712" level="INFO">Closing current active page.</msg>
<msg time="2026-07-27T13:05:20.164309" level="INFO">Successfully closed Page with runBeforeUnload false</msg>
<doc>Verifies that the page title is returned correctly.</doc>
<tag>common-ui</tag>
<tag>page</tag>
<status status="PASS" start="2026-07-27T13:05:19.004652" elapsed="1.118811"/>
</test>
<test id="s1-t4" name="TC-UI-004 Get Current Page URL" line="36">
<kw name="Open New Page" owner="CommonUI" type="SETUP">
<kw name="New Page" owner="Browser">
<msg time="2026-07-27T13:05:21.100371" level="INFO">Successfully initialized new page object and opened url: https://bms.startnow-fr.com</msg>
<arg>${url}</arg>
<tag>BrowserControl</tag>
<tag>Setter</tag>
<doc>Open a new Page.</doc>
<status status="PASS" start="2026-07-27T13:05:20.181661" elapsed="0.919387"/>
</kw>
<kw name="Run Keyword If" owner="BuiltIn">
<kw name="Wait For Load State" owner="Browser">
<msg time="2026-07-27T13:05:21.106002" level="INFO">Waiting page load to state to receive networkidle in 30000.0</msg>
<msg time="2026-07-27T13:05:21.222750" level="INFO">Load state networkidle got in 30000</msg>
<arg>networkidle</arg>
<tag>PageContent</tag>
<tag>Wait</tag>
<doc>Waits that the page reaches the required load state.</doc>
<status status="PASS" start="2026-07-27T13:05:21.104443" elapsed="0.118691"/>
</kw>
<arg>'${url}' != '${EMPTY}'</arg>
<arg>Wait For Load State</arg>
<arg>networkidle</arg>
<doc>Runs the given keyword with the given arguments, if ``condition`` is true.</doc>
<status status="PASS" start="2026-07-27T13:05:21.101524" elapsed="0.121931"/>
</kw>
<kw name="Log" owner="BuiltIn">
<msg time="2026-07-27T13:05:21.225171" level="INFO">New page opened: https://bms.startnow-fr.com</msg>
<arg>New page opened: ${url}</arg>
<arg>level=INFO</arg>
<doc>Logs the given message with the given level.</doc>
<status status="PASS" start="2026-07-27T13:05:21.223857" elapsed="0.001515"/>
</kw>
<arg>${URL}</arg>
<doc>Opens a new page in the current browser context.</doc>
<status status="PASS" start="2026-07-27T13:05:20.179664" elapsed="1.045984"/>
</kw>
<kw name="Get Current Page URL" owner="CommonUI">
<kw name="Get Url" owner="Browser">
<msg time="2026-07-27T13:05:21.243446" level="INFO">${url} = https://bms.startnow-fr.com/</msg>
<var>${url}</var>
<tag>Assertion</tag>
<tag>Getter</tag>
<tag>PageContent</tag>
<doc>Returns the current URL.</doc>
<status status="PASS" start="2026-07-27T13:05:21.227552" elapsed="0.016539"/>
</kw>
<kw name="Log" owner="BuiltIn">
<msg time="2026-07-27T13:05:21.246446" level="INFO">Current URL: https://bms.startnow-fr.com/</msg>
<arg>Current URL: ${url}</arg>
<arg>level=INFO</arg>
<doc>Logs the given message with the given level.</doc>
<status status="PASS" start="2026-07-27T13:05:21.244769" elapsed="0.001915"/>
</kw>
<return>
<value>${url}</value>
<status status="PASS" start="2026-07-27T13:05:21.246942" elapsed="0.000431"/>
</return>
<msg time="2026-07-27T13:05:21.247950" level="INFO">${url} = https://bms.startnow-fr.com/</msg>
<var>${url}</var>
<doc>Returns the URL of the current page.</doc>
<status status="PASS" start="2026-07-27T13:05:21.226434" elapsed="0.021651"/>
</kw>
<kw name="Should Contain" owner="BuiltIn">
<arg>${url}</arg>
<arg>bms.startnow-fr.com</arg>
<doc>Fails if ``container`` does not contain ``item`` one or more times.</doc>
<status status="PASS" start="2026-07-27T13:05:21.257046" elapsed="0.003987"/>
</kw>
<msg time="2026-07-27T13:05:21.403954" level="INFO">Closing current active page.</msg>
<msg time="2026-07-27T13:05:21.423443" level="INFO">Successfully closed Page with runBeforeUnload false</msg>
<doc>Verifies that the current URL is returned correctly.</doc>
<tag>common-ui</tag>
<tag>page</tag>
<status status="PASS" start="2026-07-27T13:05:20.165869" elapsed="1.097571"/>
</test>
<test id="s1-t5" name="TC-UI-005 Take Page Screenshot" line="42">
<kw name="Open New Page" owner="CommonUI" type="SETUP">
<kw name="New Page" owner="Browser">
<msg time="2026-07-27T13:05:22.383409" level="INFO">Successfully initialized new page object and opened url: https://bms.startnow-fr.com</msg>
<arg>${url}</arg>
<tag>BrowserControl</tag>
<tag>Setter</tag>
<doc>Open a new Page.</doc>
<status status="PASS" start="2026-07-27T13:05:21.442468" elapsed="0.941278"/>
</kw>
<kw name="Run Keyword If" owner="BuiltIn">
<kw name="Wait For Load State" owner="Browser">
<msg time="2026-07-27T13:05:22.386523" level="INFO">Waiting page load to state to receive networkidle in 30000.0</msg>
<msg time="2026-07-27T13:05:22.452805" level="INFO">Load state networkidle got in 30000</msg>
<arg>networkidle</arg>
<tag>PageContent</tag>
<tag>Wait</tag>
<doc>Waits that the page reaches the required load state.</doc>
<status status="PASS" start="2026-07-27T13:05:22.385647" elapsed="0.067523"/>
</kw>
<arg>'${url}' != '${EMPTY}'</arg>
<arg>Wait For Load State</arg>
<arg>networkidle</arg>
<doc>Runs the given keyword with the given arguments, if ``condition`` is true.</doc>
<status status="PASS" start="2026-07-27T13:05:22.384038" elapsed="0.069362"/>
</kw>
<kw name="Log" owner="BuiltIn">
<msg time="2026-07-27T13:05:22.454578" level="INFO">New page opened: https://bms.startnow-fr.com</msg>
<arg>New page opened: ${url}</arg>
<arg>level=INFO</arg>
<doc>Logs the given message with the given level.</doc>
<status status="PASS" start="2026-07-27T13:05:22.453693" elapsed="0.000994"/>
</kw>
<arg>${URL}</arg>
<doc>Opens a new page in the current browser context.</doc>
<status status="PASS" start="2026-07-27T13:05:21.441076" elapsed="1.013773"/>
</kw>
<kw name="Take Page Screenshot" owner="CommonUI">
<kw name="Set Variable" owner="BuiltIn">
<msg time="2026-07-27T13:05:22.457871" level="INFO">${full_path} = C:\Users\Lenovo\Desktop\robotFrameworkTests/screenshots/tc_ui_005.png</msg>
<var>${full_path}</var>
<arg>${screenshot_path}/${file_name}</arg>
<doc>Returns the given values which can then be assigned to a variables.</doc>
<status status="PASS" start="2026-07-27T13:05:22.456767" elapsed="0.001197"/>
</kw>
<kw name="Run Keyword If" owner="BuiltIn">
<msg time="2026-07-27T13:05:22.460459" level="FAIL">Evaluating expression "'C:\\Users\\Lenovo\\Desktop\\robotFrameworkTests/screenshots' != ''" failed: SyntaxError: (unicode error) 'unicodeescape' codec can't decode bytes in position 2-3: truncated \UXXXXXXXX escape (&lt;string&gt;, line 1)</msg>
<arg>'${screenshot_path}' != '${EMPTY}'</arg>
<arg>Create Directory</arg>
<arg>${screenshot_path}</arg>
<doc>Runs the given keyword with the given arguments, if ``condition`` is true.</doc>
<status status="FAIL" start="2026-07-27T13:05:22.458324" elapsed="0.002719">Evaluating expression "'C:\\Users\\Lenovo\\Desktop\\robotFrameworkTests/screenshots' != ''" failed: SyntaxError: (unicode error) 'unicodeescape' codec can't decode bytes in position 2-3: truncated \UXXXXXXXX escape (&lt;string&gt;, line 1)</status>
</kw>
<kw name="Take Screenshot" owner="Browser">
<arg>filename=${full_path}</arg>
<tag>PageContent</tag>
<doc>Takes a screenshot of the current window or element and saves it to disk.</doc>
<status status="NOT RUN" start="2026-07-27T13:05:22.461489" elapsed="0.000251"/>
</kw>
<kw name="Log" owner="BuiltIn">
<arg>Screenshot saved: ${full_path}</arg>
<arg>level=INFO</arg>
<doc>Logs the given message with the given level.</doc>
<status status="NOT RUN" start="2026-07-27T13:05:22.461963" elapsed="0.000202"/>
</kw>
<return>
<value>${full_path}</value>
<status status="NOT RUN" start="2026-07-27T13:05:22.462384" elapsed="0.000371"/>
</return>
<var>${path}</var>
<arg>${SCREENSHOT_PATH}</arg>
<arg>tc_ui_005.png</arg>
<doc>Takes a screenshot of the current page.</doc>
<status status="FAIL" start="2026-07-27T13:05:22.455617" elapsed="0.007662">Evaluating expression "'C:\\Users\\Lenovo\\Desktop\\robotFrameworkTests/screenshots' != ''" failed: SyntaxError: (unicode error) 'unicodeescape' codec can't decode bytes in position 2-3: truncated \UXXXXXXXX escape (&lt;string&gt;, line 1)</status>
</kw>
<kw name="Should Not Be Empty" owner="BuiltIn">
<arg>${path}</arg>
<doc>Verifies that the given item is not empty.</doc>
<status status="NOT RUN" start="2026-07-27T13:05:22.464055" elapsed="0.000402"/>
</kw>
<msg time="2026-07-27T13:05:22.604650" level="INFO">Closing current active page.</msg>
<msg time="2026-07-27T13:05:22.636533" level="INFO">Successfully closed Page with runBeforeUnload false</msg>
<doc>Verifies that a screenshot is taken successfully.</doc>
<tag>common-ui</tag>
<tag>screenshot</tag>
<status status="FAIL" start="2026-07-27T13:05:21.425479" elapsed="1.040059">Evaluating expression "'C:\\Users\\Lenovo\\Desktop\\robotFrameworkTests/screenshots' != ''" failed: SyntaxError: (unicode error) 'unicodeescape' codec can't decode bytes in position 2-3: truncated \UXXXXXXXX escape (&lt;string&gt;, line 1)</status>
</test>
<test id="s1-t6" name="TC-UI-006 Get Browser Version" line="48">
<kw name="Open New Page" owner="CommonUI" type="SETUP">
<kw name="New Page" owner="Browser">
<msg time="2026-07-27T13:05:23.582912" level="INFO">Successfully initialized new page object and opened url: https://bms.startnow-fr.com</msg>
<arg>${url}</arg>
<tag>BrowserControl</tag>
<tag>Setter</tag>
<doc>Open a new Page.</doc>
<status status="PASS" start="2026-07-27T13:05:22.660147" elapsed="0.923296"/>
</kw>
<kw name="Run Keyword If" owner="BuiltIn">
<kw name="Wait For Load State" owner="Browser">
<msg time="2026-07-27T13:05:23.588261" level="INFO">Waiting page load to state to receive networkidle in 30000.0</msg>
<msg time="2026-07-27T13:05:23.716565" level="INFO">Load state networkidle got in 30000</msg>
<arg>networkidle</arg>
<tag>PageContent</tag>
<tag>Wait</tag>
<doc>Waits that the page reaches the required load state.</doc>
<status status="PASS" start="2026-07-27T13:05:23.586504" elapsed="0.131019"/>
</kw>
<arg>'${url}' != '${EMPTY}'</arg>
<arg>Wait For Load State</arg>
<arg>networkidle</arg>
<doc>Runs the given keyword with the given arguments, if ``condition`` is true.</doc>
<status status="PASS" start="2026-07-27T13:05:23.583977" elapsed="0.134658"/>
</kw>
<kw name="Log" owner="BuiltIn">
<msg time="2026-07-27T13:05:23.723842" level="INFO">New page opened: https://bms.startnow-fr.com</msg>
<arg>New page opened: ${url}</arg>
<arg>level=INFO</arg>
<doc>Logs the given message with the given level.</doc>
<status status="PASS" start="2026-07-27T13:05:23.719268" elapsed="0.004744"/>
</kw>
<arg>${URL}</arg>
<doc>Opens a new page in the current browser context.</doc>
<status status="PASS" start="2026-07-27T13:05:22.658842" elapsed="1.065447"/>
</kw>
<kw name="Get Browser Version" owner="CommonUI">
<kw name="Evaluate JavaScript" owner="Browser">
<msg time="2026-07-27T13:05:23.806753" level="INFO">JavaScript executed successfully.</msg>
<msg time="2026-07-27T13:05:23.807186" level="INFO">${version} = Mozilla/5.0 (Windows NT 10.0; Win64; x64) AppleWebKit/537.36 (KHTML, like Gecko) Chrome/143.0.0.0 Safari/537.36</msg>
<var>${version}</var>
<arg>${None}</arg>
<arg>navigator.userAgent || 'unknown'</arg>
<tag>Getter</tag>
<tag>PageContent</tag>
<tag>Setter</tag>
<doc>Executes given javascript on the selected element(s) or on page.</doc>
<status status="PASS" start="2026-07-27T13:05:23.745326" elapsed="0.061960"/>
</kw>
<kw name="Log" owner="BuiltIn">
<msg time="2026-07-27T13:05:23.812156" level="INFO">Browser version: Mozilla/5.0 (Windows NT 10.0; Win64; x64) AppleWebKit/537.36 (KHTML, like Gecko) Chrome/143.0.0.0 Safari/537.36</msg>
<arg>Browser version: ${version}</arg>
<arg>level=INFO</arg>
<doc>Logs the given message with the given level.</doc>
<status status="PASS" start="2026-07-27T13:05:23.807694" elapsed="0.004642"/>
</kw>
<return>
<value>${version}</value>
<status status="PASS" start="2026-07-27T13:05:23.812595" elapsed="0.000332"/>
</return>
<msg time="2026-07-27T13:05:23.813318" level="INFO">${version} = Mozilla/5.0 (Windows NT 10.0; Win64; x64) AppleWebKit/537.36 (KHTML, like Gecko) Chrome/143.0.0.0 Safari/537.36</msg>
<var>${version}</var>
<doc>Returns the current browser version.</doc>
<status status="PASS" start="2026-07-27T13:05:23.743993" elapsed="0.069395"/>
</kw>
<kw name="Log" owner="BuiltIn">
<msg time="2026-07-27T13:05:23.816343" level="INFO">Browser version: Mozilla/5.0 (Windows NT 10.0; Win64; x64) AppleWebKit/537.36 (KHTML, like Gecko) Chrome/143.0.0.0 Safari/537.36</msg>
<arg>Browser version: ${version}</arg>
<doc>Logs the given message with the given level.</doc>
<status status="PASS" start="2026-07-27T13:05:23.815102" elapsed="0.001661"/>
</kw>
<msg time="2026-07-27T13:05:23.847249" level="INFO">Closing current active page.</msg>
<msg time="2026-07-27T13:05:23.877258" level="INFO">Successfully closed Page with runBeforeUnload false</msg>
<doc>Verifies that browser version is returned.</doc>
<tag>browser</tag>
<tag>common-ui</tag>
<status status="PASS" start="2026-07-27T13:05:22.642623" elapsed="1.175952"/>
</test>
<test id="s1-t7" name="TC-UI-007 Get Browser Cookies" line="54">
<kw name="Open New Page" owner="CommonUI" type="SETUP">
<kw name="New Page" owner="Browser">
<msg time="2026-07-27T13:05:24.773803" level="INFO">Successfully initialized new page object and opened url: https://bms.startnow-fr.com</msg>
<arg>${url}</arg>
<tag>BrowserControl</tag>
<tag>Setter</tag>
<doc>Open a new Page.</doc>
<status status="PASS" start="2026-07-27T13:05:23.896867" elapsed="0.877487"/>
</kw>
<kw name="Run Keyword If" owner="BuiltIn">
<kw name="Wait For Load State" owner="Browser">
<msg time="2026-07-27T13:05:24.779378" level="INFO">Waiting page load to state to receive networkidle in 30000.0</msg>
<msg time="2026-07-27T13:05:24.903974" level="INFO">Load state networkidle got in 30000</msg>
<arg>networkidle</arg>
<tag>PageContent</tag>
<tag>Wait</tag>
<doc>Waits that the page reaches the required load state.</doc>
<status status="PASS" start="2026-07-27T13:05:24.777922" elapsed="0.127079"/>
</kw>
<arg>'${url}' != '${EMPTY}'</arg>
<arg>Wait For Load State</arg>
<arg>networkidle</arg>
<doc>Runs the given keyword with the given arguments, if ``condition`` is true.</doc>
<status status="PASS" start="2026-07-27T13:05:24.775182" elapsed="0.130054"/>
</kw>
<kw name="Log" owner="BuiltIn">
<msg time="2026-07-27T13:05:24.906342" level="INFO">New page opened: https://bms.startnow-fr.com</msg>
<arg>New page opened: ${url}</arg>
<arg>level=INFO</arg>
<doc>Logs the given message with the given level.</doc>
<status status="PASS" start="2026-07-27T13:05:24.905499" elapsed="0.000951"/>
</kw>
<arg>${URL}</arg>
<doc>Opens a new page in the current browser context.</doc>
<status status="PASS" start="2026-07-27T13:05:23.895140" elapsed="1.011466"/>
</kw>
<kw name="Get Browser Cookies" owner="CommonUI">
<kw name="Get Cookies" owner="Browser">
<msg time="2026-07-27T13:05:24.924178" level="INFO">No cookies found.</msg>
<msg time="2026-07-27T13:05:24.924658" level="INFO">${cookies} = []</msg>
<var>${cookies}</var>
<tag>Getter</tag>
<tag>PageContent</tag>
<doc>Returns cookies from the current active browser context.</doc>
<status status="PASS" start="2026-07-27T13:05:24.911536" elapsed="0.013271"/>
</kw>
<kw name="Log" owner="BuiltIn">
<msg time="2026-07-27T13:05:24.927699" level="INFO">Retrieved 0 cookies</msg>
<arg>Retrieved ${cookies.__len__()} cookies</arg>
<arg>level=INFO</arg>
<doc>Logs the given message with the given level.</doc>
<status status="PASS" start="2026-07-27T13:05:24.925457" elapsed="0.002432"/>
</kw>
<return>
<value>${cookies}</value>
<status status="PASS" start="2026-07-27T13:05:24.928088" elapsed="0.001256"/>
</return>
<msg time="2026-07-27T13:05:24.930579" level="INFO">${cookies} = []</msg>
<var>${cookies}</var>
<doc>Returns all cookies from the current browser context.</doc>
<status status="PASS" start="2026-07-27T13:05:24.907330" elapsed="0.023652"/>
</kw>
<kw name="Log" owner="BuiltIn">
<msg time="2026-07-27T13:05:24.941151" level="INFO">Cookies: []</msg>
<arg>Cookies: ${cookies}</arg>
<doc>Logs the given message with the given level.</doc>
<status status="PASS" start="2026-07-27T13:05:24.937763" elapsed="0.003704"/>
</kw>
<msg time="2026-07-27T13:05:25.039277" level="INFO">Closing current active page.</msg>
<msg time="2026-07-27T13:05:25.070720" level="INFO">Successfully closed Page with runBeforeUnload false</msg>
<doc>Verifies that cookies are retrieved from the browser.</doc>
<tag>common-ui</tag>
<tag>cookies</tag>
<status status="PASS" start="2026-07-27T13:05:23.879881" elapsed="1.064463"/>
</test>
<test id="s1-t8" name="TC-UI-008 Set Browser Cookie" line="60">
<kw name="Open New Page" owner="CommonUI" type="SETUP">
<kw name="New Page" owner="Browser">
<msg time="2026-07-27T13:05:26.014982" level="INFO">Successfully initialized new page object and opened url: https://bms.startnow-fr.com</msg>
<arg>${url}</arg>
<tag>BrowserControl</tag>
<tag>Setter</tag>
<doc>Open a new Page.</doc>
<status status="PASS" start="2026-07-27T13:05:25.147568" elapsed="0.868157"/>
</kw>
<kw name="Run Keyword If" owner="BuiltIn">
<kw name="Wait For Load State" owner="Browser">
<msg time="2026-07-27T13:05:26.021013" level="INFO">Waiting page load to state to receive networkidle in 30000.0</msg>
<msg time="2026-07-27T13:05:26.143677" level="INFO">Load state networkidle got in 30000</msg>
<arg>networkidle</arg>
<tag>PageContent</tag>
<tag>Wait</tag>
<doc>Waits that the page reaches the required load state.</doc>
<status status="PASS" start="2026-07-27T13:05:26.019240" elapsed="0.124910"/>
</kw>
<arg>'${url}' != '${EMPTY}'</arg>
<arg>Wait For Load State</arg>
<arg>networkidle</arg>
<doc>Runs the given keyword with the given arguments, if ``condition`` is true.</doc>
<status status="PASS" start="2026-07-27T13:05:26.016425" elapsed="0.128294"/>
</kw>
<kw name="Log" owner="BuiltIn">
<msg time="2026-07-27T13:05:26.146868" level="INFO">New page opened: https://bms.startnow-fr.com</msg>
<arg>New page opened: ${url}</arg>
<arg>level=INFO</arg>
<doc>Logs the given message with the given level.</doc>
<status status="PASS" start="2026-07-27T13:05:26.145796" elapsed="0.001219"/>
</kw>
<arg>${URL}</arg>
<doc>Opens a new page in the current browser context.</doc>
<status status="PASS" start="2026-07-27T13:05:25.146171" elapsed="1.001057"/>
</kw>
<kw name="Set Browser Cookie" owner="CommonUI">
<kw name="Add Cookie" owner="Browser">
<msg time="2026-07-27T13:05:26.164008" level="INFO">Cookie "test_cookie" added.</msg>
<arg>${name}</arg>
<arg>${value}</arg>
<arg>url=${url}</arg>
<tag>BrowserControl</tag>
<tag>Setter</tag>
<doc>Adds a cookie to currently active browser context.</doc>
<status status="PASS" start="2026-07-27T13:05:26.155498" elapsed="0.008829"/>
</kw>
<kw name="Log" owner="BuiltIn">
<msg time="2026-07-27T13:05:26.165962" level="INFO">Cookie set: test_cookie=test_value</msg>
<arg>Cookie set: ${name}=${value}</arg>
<arg>level=INFO</arg>
<doc>Logs the given message with the given level.</doc>
<status status="PASS" start="2026-07-27T13:05:26.164699" elapsed="0.001435"/>
</kw>
<arg>test_cookie</arg>
<arg>test_value</arg>
<arg>url=${URL}</arg>
<doc>Sets a cookie in the current browser context.</doc>
<status status="PASS" start="2026-07-27T13:05:26.148073" elapsed="0.018347"/>
</kw>
<kw name="Get Browser Cookies" owner="CommonUI">
<kw name="Get Cookies" owner="Browser">
<msg time="2026-07-27T13:05:26.187567" level="INFO">Found cookies: test_cookie</msg>
<msg time="2026-07-27T13:05:26.188792" level="INFO">${cookies} = [{'name': 'test_cookie', 'value': 'test_value', 'domain': 'bms.startnow-fr.com', 'path': '/', 'expires': datetime.datetime(1969, 12, 31, 23, 59, 59, tzinfo=datetime.timezone.utc), 'httpOnly': False, '...</msg>
<var>${cookies}</var>
<tag>Getter</tag>
<tag>PageContent</tag>
<doc>Returns cookies from the current active browser context.</doc>
<status status="PASS" start="2026-07-27T13:05:26.172447" elapsed="0.016770"/>
</kw>
<kw name="Log" owner="BuiltIn">
<msg time="2026-07-27T13:05:26.197106" level="INFO">Retrieved 1 cookies</msg>
<arg>Retrieved ${cookies.__len__()} cookies</arg>
<arg>level=INFO</arg>
<doc>Logs the given message with the given level.</doc>
<status status="PASS" start="2026-07-27T13:05:26.191097" elapsed="0.006237"/>
</kw>
<return>
<value>${cookies}</value>
<status status="PASS" start="2026-07-27T13:05:26.197644" elapsed="0.001752"/>
</return>
<msg time="2026-07-27T13:05:26.200243" level="INFO">${cookies} = [{'name': 'test_cookie', 'value': 'test_value', 'domain': 'bms.startnow-fr.com', 'path': '/', 'expires': datetime.datetime(1969, 12, 31, 23, 59, 59, tzinfo=datetime.timezone.utc), 'httpOnly': False, '...</msg>
<var>${cookies}</var>
<doc>Returns all cookies from the current browser context.</doc>
<status status="PASS" start="2026-07-27T13:05:26.170668" elapsed="0.029833"/>
</kw>
<kw name="Log" owner="BuiltIn">
<msg time="2026-07-27T13:05:26.260559" level="INFO">Cookies after set: [{'name': 'test_cookie', 'value': 'test_value', 'domain': 'bms.startnow-fr.com', 'path': '/', 'expires': datetime.datetime(1969, 12, 31, 23, 59, 59, tzinfo=datetime.timezone.utc), 'httpOnly': False, 'secure': True, 'sameSite': 'Lax'}]</msg>
<arg>Cookies after set: ${cookies}</arg>
<doc>Logs the given message with the given level.</doc>
<status status="PASS" start="2026-07-27T13:05:26.259275" elapsed="0.001507"/>
</kw>
<msg time="2026-07-27T13:05:26.316495" level="INFO">Closing current active page.</msg>
<msg time="2026-07-27T13:05:26.337992" level="INFO">Successfully closed Page with runBeforeUnload false</msg>
<doc>Verifies that a cookie can be set in the browser.</doc>
<tag>common-ui</tag>
<tag>cookies</tag>
<status status="PASS" start="2026-07-27T13:05:25.126724" elapsed="1.135916"/>
</test>
<test id="s1-t9" name="TC-UI-009 Clear Browser Cookies" line="67">
<kw name="Open New Page" owner="CommonUI" type="SETUP">
<kw name="New Page" owner="Browser">
<msg time="2026-07-27T13:05:27.276294" level="INFO">Successfully initialized new page object and opened url: https://bms.startnow-fr.com</msg>
<arg>${url}</arg>
<tag>BrowserControl</tag>
<tag>Setter</tag>
<doc>Open a new Page.</doc>
<status status="PASS" start="2026-07-27T13:05:26.357015" elapsed="0.920200"/>
</kw>
<kw name="Run Keyword If" owner="BuiltIn">
<kw name="Wait For Load State" owner="Browser">
<msg time="2026-07-27T13:05:27.284260" level="INFO">Waiting page load to state to receive networkidle in 30000.0</msg>
<msg time="2026-07-27T13:05:27.337721" level="INFO">Load state networkidle got in 30000</msg>
<arg>networkidle</arg>
<tag>PageContent</tag>
<tag>Wait</tag>
<doc>Waits that the page reaches the required load state.</doc>
<status status="PASS" start="2026-07-27T13:05:27.282906" elapsed="0.055195"/>
</kw>
<arg>'${url}' != '${EMPTY}'</arg>
<arg>Wait For Load State</arg>
<arg>networkidle</arg>
<doc>Runs the given keyword with the given arguments, if ``condition`` is true.</doc>
<status status="PASS" start="2026-07-27T13:05:27.278361" elapsed="0.060097"/>
</kw>
<kw name="Log" owner="BuiltIn">
<msg time="2026-07-27T13:05:27.340307" level="INFO">New page opened: https://bms.startnow-fr.com</msg>
<arg>New page opened: ${url}</arg>
<arg>level=INFO</arg>
<doc>Logs the given message with the given level.</doc>
<status status="PASS" start="2026-07-27T13:05:27.338878" elapsed="0.001713"/>
</kw>
<arg>${URL}</arg>
<doc>Opens a new page in the current browser context.</doc>
<status status="PASS" start="2026-07-27T13:05:26.355311" elapsed="0.985604"/>
</kw>
<kw name="Clear Browser Cookies" owner="CommonUI">
<kw name="Delete All Cookies" owner="Browser">
<msg time="2026-07-27T13:05:27.358034" level="INFO">All cookies deleted.</msg>
<tag>BrowserControl</tag>
<tag>Setter</tag>
<doc>Deletes all cookies from the currently active browser context.</doc>
<status status="PASS" start="2026-07-27T13:05:27.345049" elapsed="0.013528"/>
</kw>
<kw name="Log" owner="BuiltIn">
<msg time="2026-07-27T13:05:27.360556" level="INFO">Browser cookies cleared</msg>
<arg>Browser cookies cleared</arg>
<arg>level=INFO</arg>
<doc>Logs the given message with the given level.</doc>
<status status="PASS" start="2026-07-27T13:05:27.359076" elapsed="0.001711"/>
</kw>
<doc>Clears all cookies from the current browser context.</doc>
<status status="PASS" start="2026-07-27T13:05:27.344207" elapsed="0.016904"/>
</kw>
<msg time="2026-07-27T13:05:27.521940" level="INFO">Closing current active page.</msg>
<msg time="2026-07-27T13:05:27.544270" level="INFO">Successfully closed Page with runBeforeUnload false</msg>
<doc>Verifies that cookies are cleared successfully.</doc>
<tag>common-ui</tag>
<tag>cookies</tag>
<status status="PASS" start="2026-07-27T13:05:26.339540" elapsed="1.027255"/>
</test>
<test id="s1-t10" name="TC-UI-010 Create And Close Browser Context" line="72">
<kw name="Open New Page" owner="CommonUI" type="SETUP">
<kw name="New Page" owner="Browser">
<msg time="2026-07-27T13:05:28.420380" level="INFO">Successfully initialized new page object and opened url: https://bms.startnow-fr.com</msg>
<arg>${url}</arg>
<tag>BrowserControl</tag>
<tag>Setter</tag>
<doc>Open a new Page.</doc>
<status status="PASS" start="2026-07-27T13:05:27.563213" elapsed="0.857666"/>
</kw>
<kw name="Run Keyword If" owner="BuiltIn">
<kw name="Wait For Load State" owner="Browser">
<msg time="2026-07-27T13:05:28.425489" level="INFO">Waiting page load to state to receive networkidle in 30000.0</msg>
<msg time="2026-07-27T13:05:28.556276" level="INFO">Load state networkidle got in 30000</msg>
<arg>networkidle</arg>
<tag>PageContent</tag>
<tag>Wait</tag>
<doc>Waits that the page reaches the required load state.</doc>
<status status="PASS" start="2026-07-27T13:05:28.424055" elapsed="0.132612"/>
</kw>
<arg>'${url}' != '${EMPTY}'</arg>
<arg>Wait For Load State</arg>
<arg>networkidle</arg>
<doc>Runs the given keyword with the given arguments, if ``condition`` is true.</doc>
<status status="PASS" start="2026-07-27T13:05:28.421512" elapsed="0.135452"/>
</kw>
<kw name="Log" owner="BuiltIn">
<msg time="2026-07-27T13:05:28.558694" level="INFO">New page opened: https://bms.startnow-fr.com</msg>
<arg>New page opened: ${url}</arg>
<arg>level=INFO</arg>
<doc>Logs the given message with the given level.</doc>
<status status="PASS" start="2026-07-27T13:05:28.557383" elapsed="0.001520"/>
</kw>
<arg>${URL}</arg>
<doc>Opens a new page in the current browser context.</doc>
<status status="PASS" start="2026-07-27T13:05:27.560764" elapsed="0.998438"/>
</kw>
<kw name="Create Browser Context" owner="CommonUI">
<kw name="New Context" owner="Browser">
<msg time="2026-07-27T13:05:28.567009" level="INFO">{
  "acceptDownloads": true,
  "bypassCSP": false,
  "forcedColors": "none",
  "ignoreHTTPSErrors": false,
  "javaScriptEnabled": true,
  "locale": "en-US",
  "offline": false,
  "reducedMotion": "no-preference",
  "serviceWorkers": "allow",
  "timezoneId": "UTC",
  "viewport": {
    "width": 1280,
    "height": 720
  }
}</msg>
<msg time="2026-07-27T13:05:28.604852" level="INFO">Successfully created context. </msg>
<msg time="2026-07-27T13:05:28.605145" level="INFO">{'acceptDownloads': True, 'bypassCSP': False, 'forcedColors': 'none', 'ignoreHTTPSErrors': False, 'javaScriptEnabled': True, 'locale': 'en-US', 'offline': False, 'reducedMotion': 'no-preference', 'serviceWorkers': 'allow', 'timezoneId': 'UTC', 'viewport': {'width': 1280, 'height': 720}}</msg>
<arg>viewport={'width': ${viewport_width}, 'height': ${viewport_height}}</arg>
<arg>locale=${locale}</arg>
<arg>timezoneId=${timezone}</arg>
<tag>BrowserControl</tag>
<tag>Setter</tag>
<doc>Create a new BrowserContext with specified options.</doc>
<status status="PASS" start="2026-07-27T13:05:28.562433" elapsed="0.042985"/>
</kw>
<kw name="Log" owner="BuiltIn">
<msg time="2026-07-27T13:05:28.611318" level="INFO">Browser context created: 1280x720</msg>
<arg>Browser context created: ${viewport_width}x${viewport_height}</arg>
<arg>level=INFO</arg>
<doc>Logs the given message with the given level.</doc>
<status status="PASS" start="2026-07-27T13:05:28.605901" elapsed="0.005661"/>
</kw>
<arg>1280</arg>
<arg>720</arg>
<doc>Creates a new browser context with optional settings.</doc>
<status status="PASS" start="2026-07-27T13:05:28.561145" elapsed="0.050625"/>
</kw>
<kw name="Open New Page" owner="CommonUI">
<kw name="New Page" owner="Browser">
<msg time="2026-07-27T13:05:42.203295" level="INFO">Successfully initialized new page object and opened url: https://bms.startnow-fr.com</msg>
<arg>${url}</arg>
<tag>BrowserControl</tag>
<tag>Setter</tag>
<doc>Open a new Page.</doc>
<status status="PASS" start="2026-07-27T13:05:28.640673" elapsed="13.563028"/>
</kw>
<kw name="Run Keyword If" owner="BuiltIn">
<kw name="Wait For Load State" owner="Browser">
<msg time="2026-07-27T13:05:42.209128" level="INFO">Waiting page load to state to receive networkidle in 30000.0</msg>
<msg time="2026-07-27T13:05:42.252764" level="INFO">Load state networkidle got in 30000</msg>
<arg>networkidle</arg>
<tag>PageContent</tag>
<tag>Wait</tag>
<doc>Waits that the page reaches the required load state.</doc>
<status status="PASS" start="2026-07-27T13:05:42.206701" elapsed="0.046389"/>
</kw>
<arg>'${url}' != '${EMPTY}'</arg>
<arg>Wait For Load State</arg>
<arg>networkidle</arg>
<doc>Runs the given keyword with the given arguments, if ``condition`` is true.</doc>
<status status="PASS" start="2026-07-27T13:05:42.204107" elapsed="0.049261"/>
</kw>
<kw name="Log" owner="BuiltIn">
<msg time="2026-07-27T13:05:42.254855" level="INFO">New page opened: https://bms.startnow-fr.com</msg>
<arg>New page opened: ${url}</arg>
<arg>level=INFO</arg>
<doc>Logs the given message with the given level.</doc>
<status status="PASS" start="2026-07-27T13:05:42.253718" elapsed="0.001286"/>
</kw>
<arg>${URL}</arg>
<doc>Opens a new page in the current browser context.</doc>
<status status="PASS" start="2026-07-27T13:05:28.637644" elapsed="13.617610"/>
</kw>
<kw name="Close Browser Context" owner="CommonUI">
<kw name="Close Context" owner="Browser">
<msg time="2026-07-27T13:05:42.384294" level="INFO">Switching browser to CURRENT</msg>
<msg time="2026-07-27T13:05:42.394225" level="INFO">Returned active browser id. CURRENT</msg>
<msg time="2026-07-27T13:05:42.439427" level="INFO">Switching context to CURRENT in CURRENT</msg>
<msg time="2026-07-27T13:05:42.460980" level="INFO">Returned active context id: CURRENT</msg>
<msg time="2026-07-27T13:05:42.462561" level="INFO">Switching context to context=519cfb10-8e9b-457b-b18e-e7126ed03763 in CURRENT</msg>
<msg time="2026-07-27T13:05:42.481631" level="INFO">Successfully changed active context: context=519cfb10-8e9b-457b-b18e-e7126ed03763</msg>
<msg time="2026-07-27T13:05:42.522275" level="INFO">Successfully closed Context</msg>
<tag>BrowserControl</tag>
<tag>Setter</tag>
<doc>Closes a Context.</doc>
<status status="PASS" start="2026-07-27T13:05:42.257022" elapsed="0.265625"/>
</kw>
<kw name="Log" owner="BuiltIn">
<msg time="2026-07-27T13:05:42.524308" level="INFO">Browser context closed</msg>
<arg>Browser context closed</arg>
<arg>level=INFO</arg>
<doc>Logs the given message with the given level.</doc>
<status status="PASS" start="2026-07-27T13:05:42.523060" elapsed="0.001454"/>
</kw>
<doc>Closes the current browser context.</doc>
<status status="PASS" start="2026-07-27T13:05:42.256098" elapsed="0.268698"/>
</kw>
<msg time="2026-07-27T13:05:42.677523" level="INFO">Closing current active page.</msg>
<msg time="2026-07-27T13:05:42.723359" level="INFO">Successfully closed Page with runBeforeUnload false</msg>
<doc>Verifies that a browser context can be created and closed.</doc>
<tag>common-ui</tag>
<tag>context</tag>
<status status="PASS" start="2026-07-27T13:05:27.545679" elapsed="14.979664"/>
</test>
<test id="s1-t11" name="TC-UI-011 Close Current Page" line="79">
<kw name="Open New Page" owner="CommonUI" type="SETUP">
<kw name="New Page" owner="Browser">
<msg time="2026-07-27T13:05:43.918421" level="INFO">Successfully initialized new page object and opened url: https://bms.startnow-fr.com</msg>
<arg>${url}</arg>
<tag>BrowserControl</tag>
<tag>Setter</tag>
<doc>Open a new Page.</doc>
<status status="PASS" start="2026-07-27T13:05:42.790319" elapsed="1.128480"/>
</kw>
<kw name="Run Keyword If" owner="BuiltIn">
<kw name="Wait For Load State" owner="Browser">
<msg time="2026-07-27T13:05:43.922498" level="INFO">Waiting page load to state to receive networkidle in 30000.0</msg>
<msg time="2026-07-27T13:05:44.032097" level="INFO">Load state networkidle got in 30000</msg>
<arg>networkidle</arg>
<tag>PageContent</tag>
<tag>Wait</tag>
<doc>Waits that the page reaches the required load state.</doc>
<status status="PASS" start="2026-07-27T13:05:43.921348" elapsed="0.111115"/>
</kw>
<arg>'${url}' != '${EMPTY}'</arg>
<arg>Wait For Load State</arg>
<arg>networkidle</arg>
<doc>Runs the given keyword with the given arguments, if ``condition`` is true.</doc>
<status status="PASS" start="2026-07-27T13:05:43.919204" elapsed="0.113789"/>
</kw>
<kw name="Log" owner="BuiltIn">
<msg time="2026-07-27T13:05:44.034843" level="INFO">New page opened: https://bms.startnow-fr.com</msg>
<arg>New page opened: ${url}</arg>
<arg>level=INFO</arg>
<doc>Logs the given message with the given level.</doc>
<status status="PASS" start="2026-07-27T13:05:44.033440" elapsed="0.001591"/>
</kw>
<arg>${URL}</arg>
<doc>Opens a new page in the current browser context.</doc>
<status status="PASS" start="2026-07-27T13:05:42.788243" elapsed="1.247040"/>
</kw>
<kw name="Open New Page" owner="CommonUI">
<kw name="New Page" owner="Browser">
<msg time="2026-07-27T13:05:45.097957" level="INFO">Successfully initialized new page object and opened url: https://bms.startnow-fr.com</msg>
<arg>${url}</arg>
<tag>BrowserControl</tag>
<tag>Setter</tag>
<doc>Open a new Page.</doc>
<status status="PASS" start="2026-07-27T13:05:44.038005" elapsed="1.061112"/>
</kw>
<kw name="Run Keyword If" owner="BuiltIn">
<kw name="Wait For Load State" owner="Browser">
<msg time="2026-07-27T13:05:45.108815" level="INFO">Waiting page load to state to receive networkidle in 30000.0</msg>
<msg time="2026-07-27T13:05:45.114576" level="INFO">Load state networkidle got in 30000</msg>
<arg>networkidle</arg>
<tag>PageContent</tag>
<tag>Wait</tag>
<doc>Waits that the page reaches the required load state.</doc>
<status status="PASS" start="2026-07-27T13:05:45.104443" elapsed="0.010486"/>
</kw>
<arg>'${url}' != '${EMPTY}'</arg>
<arg>Wait For Load State</arg>
<arg>networkidle</arg>
<doc>Runs the given keyword with the given arguments, if ``condition`` is true.</doc>
<status status="PASS" start="2026-07-27T13:05:45.100097" elapsed="0.015106"/>
</kw>
<kw name="Log" owner="BuiltIn">
<msg time="2026-07-27T13:05:45.117016" level="INFO">New page opened: https://bms.startnow-fr.com</msg>
<arg>New page opened: ${url}</arg>
<arg>level=INFO</arg>
<doc>Logs the given message with the given level.</doc>
<status status="PASS" start="2026-07-27T13:05:45.115615" elapsed="0.001612"/>
</kw>
<arg>${URL}</arg>
<doc>Opens a new page in the current browser context.</doc>
<status status="PASS" start="2026-07-27T13:05:44.036364" elapsed="1.081282"/>
</kw>
<kw name="Close Current Page" owner="CommonUI">
<kw name="Close Page" owner="Browser">
<msg time="2026-07-27T13:05:45.284948" level="INFO">Closing current active page.</msg>
<msg time="2026-07-27T13:05:45.333589" level="INFO">Successfully closed Page with runBeforeUnload false</msg>
<tag>BrowserControl</tag>
<tag>Setter</tag>
<doc>Closes the ``page`` in ``context`` in ``browser``.</doc>
<status status="PASS" start="2026-07-27T13:05:45.119881" elapsed="0.214302"/>
</kw>
<kw name="Log" owner="BuiltIn">
<msg time="2026-07-27T13:05:45.336021" level="INFO">Current page closed</msg>
<arg>Current page closed</arg>
<arg>level=INFO</arg>
<doc>Logs the given message with the given level.</doc>
<status status="PASS" start="2026-07-27T13:05:45.334801" elapsed="0.001389"/>
</kw>
<doc>Closes the current page.</doc>
<status status="PASS" start="2026-07-27T13:05:45.118887" elapsed="0.217978"/>
</kw>
<msg time="2026-07-27T13:05:45.564796" level="INFO">Closing current active page.</msg>
<msg time="2026-07-27T13:05:45.589519" level="INFO">Successfully closed Page with runBeforeUnload false</msg>
<doc>Verifies that the current page can be closed.</doc>
<tag>common-ui</tag>
<tag>page</tag>
<status status="PASS" start="2026-07-27T13:05:42.731323" elapsed="2.612971"/>
</test>
<test id="s1-t12" name="TC-UI-012 Clear Browser Cache" line="85">
<kw name="Open New Page" owner="CommonUI" type="SETUP">
<kw name="New Page" owner="Browser">
<msg time="2026-07-27T13:05:46.468959" level="INFO">Successfully initialized new page object and opened url: https://bms.startnow-fr.com</msg>
<arg>${url}</arg>
<tag>BrowserControl</tag>
<tag>Setter</tag>
<doc>Open a new Page.</doc>
<status status="PASS" start="2026-07-27T13:05:45.606704" elapsed="0.862784"/>
</kw>
<kw name="Run Keyword If" owner="BuiltIn">
<kw name="Wait For Load State" owner="Browser">
<msg time="2026-07-27T13:05:46.474110" level="INFO">Waiting page load to state to receive networkidle in 30000.0</msg>
<msg time="2026-07-27T13:05:46.619994" level="INFO">Load state networkidle got in 30000</msg>
<arg>networkidle</arg>
<tag>PageContent</tag>
<tag>Wait</tag>
<doc>Waits that the page reaches the required load state.</doc>
<status status="PASS" start="2026-07-27T13:05:46.473190" elapsed="0.147006"/>
</kw>
<arg>'${url}' != '${EMPTY}'</arg>
<arg>Wait For Load State</arg>
<arg>networkidle</arg>
<doc>Runs the given keyword with the given arguments, if ``condition`` is true.</doc>
<status status="PASS" start="2026-07-27T13:05:46.469899" elapsed="0.150440"/>
</kw>
<kw name="Log" owner="BuiltIn">
<msg time="2026-07-27T13:05:46.621849" level="INFO">New page opened: https://bms.startnow-fr.com</msg>
<arg>New page opened: ${url}</arg>
<arg>level=INFO</arg>
<doc>Logs the given message with the given level.</doc>
<status status="PASS" start="2026-07-27T13:05:46.620734" elapsed="0.001274"/>
</kw>
<arg>${URL}</arg>
<doc>Opens a new page in the current browser context.</doc>
<status status="PASS" start="2026-07-27T13:05:45.602813" elapsed="1.019428"/>
</kw>
<kw name="Clear Browser Cache" owner="CommonUI">
<kw name="Close Browser Context" owner="CommonUI">
<kw name="Close Context" owner="Browser">
<msg time="2026-07-27T13:05:46.709141" level="INFO">Switching browser to CURRENT</msg>
<msg time="2026-07-27T13:05:46.713844" level="INFO">Returned active browser id. CURRENT</msg>
<msg time="2026-07-27T13:05:46.723515" level="INFO">Switching context to CURRENT in CURRENT</msg>
<msg time="2026-07-27T13:05:46.753822" level="INFO">Returned active context id: CURRENT</msg>
<msg time="2026-07-27T13:05:46.756605" level="INFO">Switching context to context=85ae9d79-dfab-42d4-8059-fdbe14b70426 in CURRENT</msg>
<msg time="2026-07-27T13:05:46.776108" level="INFO">Successfully changed active context: context=85ae9d79-dfab-42d4-8059-fdbe14b70426</msg>
<msg time="2026-07-27T13:05:46.807478" level="INFO">Successfully closed Context</msg>
<tag>BrowserControl</tag>
<tag>Setter</tag>
<doc>Closes a Context.</doc>
<status status="PASS" start="2026-07-27T13:05:46.625819" elapsed="0.181983"/>
</kw>
<kw name="Log" owner="BuiltIn">
<msg time="2026-07-27T13:05:46.809238" level="INFO">Browser context closed</msg>
<arg>Browser context closed</arg>
<arg>level=INFO</arg>
<doc>Logs the given message with the given level.</doc>
<status status="PASS" start="2026-07-27T13:05:46.808189" elapsed="0.001193"/>
</kw>
<doc>Closes the current browser context.</doc>
<status status="PASS" start="2026-07-27T13:05:46.624352" elapsed="0.185232"/>
</kw>
<kw name="Create Browser Context" owner="CommonUI">
<kw name="New Context" owner="Browser">
<msg time="2026-07-27T13:05:46.832106" level="INFO">{
  "acceptDownloads": true,
  "bypassCSP": false,
  "forcedColors": "none",
  "ignoreHTTPSErrors": false,
  "javaScriptEnabled": true,
  "locale": "en-US",
  "offline": false,
  "reducedMotion": "no-preference",
  "serviceWorkers": "allow",
  "timezoneId": "UTC",
  "viewport": {
    "width": 1920,
    "height": 1080
  }
}</msg>
<msg time="2026-07-27T13:05:47.072196" level="INFO">Successfully created context. </msg>
<msg time="2026-07-27T13:05:47.073140" level="INFO">{'acceptDownloads': True, 'bypassCSP': False, 'forcedColors': 'none', 'ignoreHTTPSErrors': False, 'javaScriptEnabled': True, 'locale': 'en-US', 'offline': False, 'reducedMotion': 'no-preference', 'serviceWorkers': 'allow', 'timezoneId': 'UTC', 'viewport': {'width': 1920, 'height': 1080}}</msg>
<arg>viewport={'width': ${viewport_width}, 'height': ${viewport_height}}</arg>
<arg>locale=${locale}</arg>
<arg>timezoneId=${timezone}</arg>
<tag>BrowserControl</tag>
<tag>Setter</tag>
<doc>Create a new BrowserContext with specified options.</doc>
<status status="PASS" start="2026-07-27T13:05:46.811403" elapsed="0.262768"/>
</kw>
<kw name="Log" owner="BuiltIn">
<msg time="2026-07-27T13:05:47.077399" level="INFO">Browser context created: 1920x1080</msg>
<arg>Browser context created: ${viewport_width}x${viewport_height}</arg>
<arg>level=INFO</arg>
<doc>Logs the given message with the given level.</doc>
<status status="PASS" start="2026-07-27T13:05:47.075907" elapsed="0.001697"/>
</kw>
<arg>${viewport_width}</arg>
<arg>${viewport_height}</arg>
<doc>Creates a new browser context with optional settings.</doc>
<status status="PASS" start="2026-07-27T13:05:46.809933" elapsed="0.267950"/>
</kw>
<kw name="Log" owner="BuiltIn">
<msg time="2026-07-27T13:05:47.079534" level="INFO">Browser cache cleared</msg>
<arg>Browser cache cleared</arg>
<arg>level=INFO</arg>
<doc>Logs the given message with the given level.</doc>
<status status="PASS" start="2026-07-27T13:05:47.078284" elapsed="0.001456"/>
</kw>
<doc>Clears the browser cache by creating a fresh context.</doc>
<status status="PASS" start="2026-07-27T13:05:46.623272" elapsed="0.456738"/>
</kw>
<kw name="Open New Page" owner="CommonUI">
<kw name="New Page" owner="Browser">
<msg time="2026-07-27T13:05:53.390317" level="INFO">Successfully initialized new page object and opened url: https://bms.startnow-fr.com</msg>
<arg>${url}</arg>
<tag>BrowserControl</tag>
<tag>Setter</tag>
<doc>Open a new Page.</doc>
<status status="PASS" start="2026-07-27T13:05:47.084145" elapsed="6.306545"/>
</kw>
<kw name="Run Keyword If" owner="BuiltIn">
<kw name="Wait For Load State" owner="Browser">
<msg time="2026-07-27T13:05:53.394934" level="INFO">Waiting page load to state to receive networkidle in 30000.0</msg>
<msg time="2026-07-27T13:06:01.122009" level="INFO">Load state networkidle got in 30000</msg>
<arg>networkidle</arg>
<tag>PageContent</tag>
<tag>Wait</tag>
<doc>Waits that the page reaches the required load state.</doc>
<status status="PASS" start="2026-07-27T13:05:53.393433" elapsed="7.728969"/>
</kw>
<arg>'${url}' != '${EMPTY}'</arg>
<arg>Wait For Load State</arg>
<arg>networkidle</arg>
<doc>Runs the given keyword with the given arguments, if ``condition`` is true.</doc>
<status status="PASS" start="2026-07-27T13:05:53.391060" elapsed="7.731680"/>
</kw>
<kw name="Log" owner="BuiltIn">
<msg time="2026-07-27T13:06:01.124679" level="INFO">New page opened: https://bms.startnow-fr.com</msg>
<arg>New page opened: ${url}</arg>
<arg>level=INFO</arg>
<doc>Logs the given message with the given level.</doc>
<status status="PASS" start="2026-07-27T13:06:01.123207" elapsed="0.001656"/>
</kw>
<arg>${URL}</arg>
<doc>Opens a new page in the current browser context.</doc>
<status status="PASS" start="2026-07-27T13:05:47.082927" elapsed="14.042203"/>
</kw>
<kw name="Get Current Page URL" owner="CommonUI">
<kw name="Get Url" owner="Browser">
<msg time="2026-07-27T13:06:01.133889" level="INFO">${url} = https://bms.startnow-fr.com/login</msg>
<var>${url}</var>
<tag>Assertion</tag>
<tag>Getter</tag>
<tag>PageContent</tag>
<doc>Returns the current URL.</doc>
<status status="PASS" start="2026-07-27T13:06:01.127616" elapsed="0.006522"/>
</kw>
<kw name="Log" owner="BuiltIn">
<msg time="2026-07-27T13:06:01.137934" level="INFO">Current URL: https://bms.startnow-fr.com/login</msg>
<arg>Current URL: ${url}</arg>
<arg>level=INFO</arg>
<doc>Logs the given message with the given level.</doc>
<status status="PASS" start="2026-07-27T13:06:01.135263" elapsed="0.002909"/>
</kw>
<return>
<value>${url}</value>
<status status="PASS" start="2026-07-27T13:06:01.138485" elapsed="0.000516"/>
</return>
<msg time="2026-07-27T13:06:01.140007" level="INFO">${url} = https://bms.startnow-fr.com/login</msg>
<var>${url}</var>
<doc>Returns the URL of the current page.</doc>
<status status="PASS" start="2026-07-27T13:06:01.126450" elapsed="0.013697"/>
</kw>
<kw name="Should Contain" owner="BuiltIn">
<arg>${url}</arg>
<arg>bms.startnow-fr.com</arg>
<doc>Fails if ``container`` does not contain ``item`` one or more times.</doc>
<status status="PASS" start="2026-07-27T13:06:01.141402" elapsed="0.002466"/>
</kw>
<msg time="2026-07-27T13:06:01.185563" level="INFO">Switching context to context=8adc07f9-d514-49b2-b163-15a85e108408 in CURRENT</msg>
<msg time="2026-07-27T13:06:01.198798" level="INFO">Successfully changed active context: context=8adc07f9-d514-49b2-b163-15a85e108408</msg>
<msg time="2026-07-27T13:06:01.220226" level="INFO">Successfully closed Context</msg>
<doc>Verifies that browser cache is cleared by creating fresh context.</doc>
<tag>browser</tag>
<tag>common-ui</tag>
<status status="PASS" start="2026-07-27T13:05:45.591723" elapsed="15.553410"/>
</test>
<kw name="Close All Browser Sessions" owner="CommonUI" type="TEARDOWN">
<kw name="Close Browser" owner="Browser">
<msg time="2026-07-27T13:06:02.186845" level="INFO">Closed all browsers</msg>
<arg>ALL</arg>
<tag>BrowserControl</tag>
<tag>Setter</tag>
<doc>Closes the current browser.</doc>
<status status="PASS" start="2026-07-27T13:06:01.224780" elapsed="0.962275"/>
</kw>
<kw name="Log" owner="BuiltIn">
<msg time="2026-07-27T13:06:02.188036" level="INFO">All browser sessions closed</msg>
<arg>All browser sessions closed</arg>
<arg>level=INFO</arg>
<doc>Logs the given message with the given level.</doc>
<status status="PASS" start="2026-07-27T13:06:02.187303" elapsed="0.000871"/>
</kw>
<doc>Closes all open browser sessions.</doc>
<status status="PASS" start="2026-07-27T13:06:01.224005" elapsed="0.964387"/>
</kw>
<doc>Test cases for CommonUI keywords.</doc>
<status status="FAIL" start="2026-07-27T13:04:41.202691" elapsed="80.985847"/>
</suite>
<statistics>
<total>
<stat pass="11" fail="1" skip="0">All Tests</stat>
</total>
<tag>
<stat pass="3" fail="0" skip="0">browser</stat>
<stat pass="11" fail="1" skip="0">common-ui</stat>
<stat pass="1" fail="0" skip="0">context</stat>
<stat pass="3" fail="0" skip="0">cookies</stat>
<stat pass="4" fail="0" skip="0">page</stat>
<stat pass="0" fail="1" skip="0">screenshot</stat>
</tag>
<suite>
<stat name="Test Common Ui" id="s1" pass="11" fail="1" skip="0">Test Common Ui</stat>
</suite>
</statistics>
<errors>
<msg time="2026-07-27T13:04:41.299390" level="ERROR">Error in file 'C:\Users\Lenovo\Desktop\robotFrameworkTests\ui\test_common_ui.robot' on line 3: Replacing variables from setting 'Resource' failed: Variable '${KEYWORDS_PATH}' not found.</msg>
</errors>
</robot>
